2024-08-30 07:01:29.278272
Incorrect email or password
=============================================================
2024-08-30 07:10:22.004139
9999 not found
=============================================================2024-08-30 07:10:57.529039
9999 not found
=============================================================
2024-08-30 07:11:16.958465
9999 not found
=============================================================
2024-08-30 07:11:34.513315
9999 not found
=============================================================
2024-08-30 07:11:34.982244
9999 not found
=============================================================
2024-08-30 07:11:35.400100
9999 not found
=============================================================
2024-08-30 07:11:35.615200
9999 not found
=============================================================
2024-08-30 07:22:19.377064
Incorrect email or password
=============================================================
2024-08-30 07:25:29.990427
22222222222 not found
=============================================================
2024-08-30 07:27:11.242252
888 not found
=============================================================
2024-08-30 07:27:26.180902
888 not found
=============================================================
2024-08-30 07:27:35.487639
888 not found
=============================================================
2024-08-30 07:27:47.250829
888 not found
=============================================================
userID: 8user email: rio@mail.com
=============================================================
2024-08-30 07:28:24.375002
888 not found
userID: 8user email: rio@mail.com
=============================================================
2024-08-30 08:40:59.184248
809 not found
userID: 8user email: rio@mail.com
=============================================================
2024-08-30 08:52:03.694429
809 not found
userID: 8user email: rio@mail.com
=============================================================
2024-08-30 08:55:21.095550
809 not found
userID: 8user email: rio@mail.com
=============================================================
2024-08-30 09:03:01.358887
809 not found
userID: 8user email: rio@mail.com
=============================================================
2024-08-30 09:03:35.106352
809 not found
userID: 8user email: rio@mail.com
=============================================================
2024-08-30 09:59:00.856823
809 not found
userID: 8user email: rio@mail.com
=============================================================
2024-08-30 09:59:01.030977
404 Not Found: The requested URL was not found on the server. If you entered the URL manually please check your spelling and try again.
userID: 8user email: rio@mail.com
=============================================================
2024-08-30 10:45:52.145450
809 not found
userID: 8user email: rio@mail.com
=============================================================
2024-08-30 10:45:52.399585
404 Not Found: The requested URL was not found on the server. If you entered the URL manually please check your spelling and try again.
userID: 8user email: rio@mail.com
=============================================================
2024-08-30 10:45:52.759348
809 not found
userID: 8user email: rio@mail.com
=============================================================
2024-08-30 10:45:53.009975
404 Not Found: The requested URL was not found on the server. If you entered the URL manually please check your spelling and try again.
userID: 8user email: rio@mail.com
=============================================================
